Wed, 30 May 2018 10:33:26 GMT - /api/v1/users - POST - 200 - PostmanRuntime/7.1.1 - 14
Fri, 01 Jun 2018 10:20:38 GMT - /api/v1/users - POST - 200 - PostmanRuntime/7.1.1 - 28
Fri, 01 Jun 2018 10:21:32 GMT - /api/v1/users - POST - 200 - PostmanRuntime/7.1.1 - 28
Fri, 01 Jun 2018 10:22:00 GMT - /api/v1/users - POST - 200 - PostmanRuntime/7.1.1 - 14
Fri, 01 Jun 2018 10:24:01 GMT - /api/v1/users - POST - 200 - PostmanRuntime/7.1.1 - 28
Fri, 01 Jun 2018 10:24:07 GMT - /api/v1/users - POST - 200 - PostmanRuntime/7.1.1 - 14
Fri, 01 Jun 2018 10:25:40 GMT - /api/v1/users - POST - 200 - PostmanRuntime/7.1.1 - 28
Fri, 01 Jun 2018 10:25:46 GMT - /api/v1/users - POST - 200 - PostmanRuntime/7.1.1 - 14
Fri, 01 Jun 2018 10:29:55 GMT - /api/v1/users - POST - 200 - PostmanRuntime/7.1.1 - 28
Fri, 01 Jun 2018 10:30:01 GMT - /api/v1/users - POST - 200 - PostmanRuntime/7.1.1 - 14
Fri, 01 Jun 2018 11:04:37 GMT - /api/v1/users - POST - 200 - PostmanRuntime/7.1.1 - 28
Fri, 01 Jun 2018 11:04:42 GMT - /api/v1/users - POST - 200 - PostmanRuntime/7.1.1 - 14
Fri, 01 Jun 2018 11:06:17 GMT - /api/v1/users - POST - 200 - PostmanRuntime/7.1.1 - 28
Fri, 01 Jun 2018 11:06:21 GMT - /api/v1/users - POST - 200 - PostmanRuntime/7.1.1 - 14
Fri, 01 Jun 2018 11:08:15 GMT - /api/v1/users - POST - 200 - PostmanRuntime/7.1.1 - 28
Fri, 01 Jun 2018 11:08:20 GMT - /api/v1/users - POST - 200 - PostmanRuntime/7.1.1 - 14
Fri, 01 Jun 2018 11:10:29 GMT - /api/v1/users - POST - 200 - PostmanRuntime/7.1.1 - 28
Fri, 01 Jun 2018 11:10:34 GMT - /api/v1/users - POST - 200 - PostmanRuntime/7.1.1 - 14
Mon, 04 Jun 2018 06:55:50 GMT - /api/v1/users/5b1129aa52af282ff0fb9c9c - PUT -  - PostmanRuntime/7.1.5 - 
Mon, 04 Jun 2018 06:59:37 GMT - /api/v1/users/5b1129aa52af282ff0fb9c9c - PUT - 200 - PostmanRuntime/7.1.5 - 253
Mon, 04 Jun 2018 07:01:47 GMT - /api/v1/users/5b1129aa52af282ff0fb9c9c - PUT - 200 - PostmanRuntime/7.1.5 - 28
Mon, 04 Jun 2018 07:03:13 GMT - /api/v1/users/5b1129aa52af282ff0fb9c9c - PUT - 200 - PostmanRuntime/7.1.5 - 28
Mon, 04 Jun 2018 07:03:30 GMT - /api/v1/users/5b1129aa52af282ff0fb9c9c - PUT - 200 - PostmanRuntime/7.1.5 - 28
Mon, 04 Jun 2018 07:03:47 GMT - /api/v1/users/5b1129aa52af282ff0fb9c9c - PUT - 200 - PostmanRuntime/7.1.5 - 28
Mon, 04 Jun 2018 07:04:12 GMT - /api/v1/users/5b11202972dd9e3b1c1ab612 - PUT - 200 - PostmanRuntime/7.1.5 - 28
Mon, 04 Jun 2018 07:04:45 GMT - /api/v1/users/5b07c6547985d23ad0338b5c - PUT - 200 - PostmanRuntime/7.1.5 - 28
Mon, 04 Jun 2018 07:06:32 GMT - /api/v1/users/5b07c6547985d23ad0338b5c - PUT - 200 - PostmanRuntime/7.1.5 - 28
Mon, 04 Jun 2018 07:08:38 GMT - /api/v1/users/5b07c6547985d23ad0338b5c - PUT - 200 - PostmanRuntime/7.1.5 - 28
Mon, 04 Jun 2018 07:10:00 GMT - /api/v1/users/5b07c6547985d23ad0338b5c - PUT - 200 - PostmanRuntime/7.1.5 - 28
Mon, 04 Jun 2018 07:10:12 GMT - /api/v1/users/5b07c6547985d23ad0338b5c - PUT - 200 - PostmanRuntime/7.1.5 - 28
Mon, 04 Jun 2018 07:10:41 GMT - /api/v1/users/5b07c6547985d23ad0338b5c - PUT - 200 - PostmanRuntime/7.1.5 - 28
Mon, 04 Jun 2018 07:12:01 GMT - /api/v1/users/5b07c6547985d23ad0338b5c - PUT - 200 - PostmanRuntime/7.1.5 - 344
Mon, 04 Jun 2018 07:12:42 GMT - /api/v1/users/5b07c6547985d23ad0338b5c - PUT - 200 - PostmanRuntime/7.1.5 - 28
Mon, 04 Jun 2018 07:13:49 GMT - /api/v1/users/5b07c6547985d23ad0338b5c - PUT - 200 - PostmanRuntime/7.1.5 - 28
Mon, 04 Jun 2018 10:22:23 GMT - /api/v1/users/5b07c6087985d23ad0338b5a - PUT - 200 - PostmanRuntime/7.1.5 - 28
Mon, 04 Jun 2018 10:39:08 GMT - /api/v1/users - POST - 500 - PostmanRuntime/7.1.5 - 2046
Mon, 04 Jun 2018 10:40:26 GMT - /api/v1/users - POST - 500 - PostmanRuntime/7.1.5 - 2046
Mon, 04 Jun 2018 10:47:52 GMT - /api/v1/users - POST - 500 - PostmanRuntime/7.1.5 - 2046
Mon, 04 Jun 2018 10:55:16 GMT - /api/v1/users - POST - 200 - PostmanRuntime/7.1.5 - 28
Mon, 04 Jun 2018 11:01:54 GMT - /api/v1/users - POST - 200 - PostmanRuntime/7.1.5 - 28
Mon, 04 Jun 2018 11:03:15 GMT - /api/v1/users - POST - 200 - PostmanRuntime/7.1.5 - 28
Mon, 04 Jun 2018 11:03:45 GMT - /api/v1/users - POST - 200 - PostmanRuntime/7.1.5 - 28
Mon, 04 Jun 2018 11:07:18 GMT - /api/v1/users - POST -  - PostmanRuntime/7.1.5 - 
Mon, 04 Jun 2018 11:11:34 GMT - /api/v1/users - POST -  - PostmanRuntime/7.1.5 - 
Mon, 04 Jun 2018 11:17:26 GMT - /api/v1/users - POST -  - PostmanRuntime/7.1.5 - 
Mon, 04 Jun 2018 12:23:11 GMT - /api/v1/users - POST - 200 - PostmanRuntime/7.1.5 - 20
Mon, 04 Jun 2018 12:23:26 GMT - /api/v1/users - POST - 200 - PostmanRuntime/7.1.5 - 28
Mon, 04 Jun 2018 12:23:33 GMT - /api/v1/users - POST - 200 - PostmanRuntime/7.1.5 - 14
Mon, 04 Jun 2018 12:26:44 GMT - /api/v1/users - POST - 200 - PostmanRuntime/7.1.5 - 28
Mon, 04 Jun 2018 12:27:20 GMT - /api/v1/users - POST - 200 - PostmanRuntime/7.1.5 - 14
Mon, 04 Jun 2018 12:28:42 GMT - /api/v1/users - POST - 200 - PostmanRuntime/7.1.5 - 28
Mon, 04 Jun 2018 12:28:50 GMT - /api/v1/users - POST - 200 - PostmanRuntime/7.1.5 - 14
Mon, 04 Jun 2018 12:31:50 GMT - /api/v1/users - POST - 200 - PostmanRuntime/7.1.5 - 14
Mon, 04 Jun 2018 12:32:32 GMT - /api/v1/users - POST - 200 - PostmanRuntime/7.1.5 - 14
Mon, 04 Jun 2018 12:38:24 GMT - /api/v1/users - POST - 200 - PostmanRuntime/7.1.5 - 28
Mon, 04 Jun 2018 12:38:30 GMT - /api/v1/users - POST - 200 - PostmanRuntime/7.1.5 - 14
Mon, 04 Jun 2018 12:52:54 GMT - /api/v1/users - POST - 200 - PostmanRuntime/7.1.5 - 14
Mon, 04 Jun 2018 12:54:38 GMT - /api/v1/users - POST - 200 - PostmanRuntime/7.1.5 - 14
Mon, 04 Jun 2018 12:57:11 GMT - /api/v1/users - POST - 200 - PostmanRuntime/7.1.5 - 14
Mon, 04 Jun 2018 12:57:44 GMT - /api/v1/users - POST - 200 - PostmanRuntime/7.1.5 - 14
Mon, 04 Jun 2018 13:00:20 GMT - /api/v1/users - POST - 200 - PostmanRuntime/7.1.5 - 14
Mon, 04 Jun 2018 13:01:33 GMT - /api/v1/users - POST - 200 - PostmanRuntime/7.1.5 - 14
Mon, 04 Jun 2018 13:03:28 GMT - /api/v1/users - POST - 200 - PostmanRuntime/7.1.5 - 14
Mon, 04 Jun 2018 13:08:16 GMT - /api/v1/users - POST - 200 - PostmanRuntime/7.1.5 - 14
Mon, 04 Jun 2018 13:09:36 GMT - /api/v1/users - POST - 200 - PostmanRuntime/7.1.5 - 14
Mon, 04 Jun 2018 13:11:47 GMT - /api/v1/users - POST - 200 - PostmanRuntime/7.1.5 - 14
Mon, 04 Jun 2018 13:14:11 GMT - /api/v1/users - POST - 200 - PostmanRuntime/7.1.5 - 14
Mon, 04 Jun 2018 13:15:58 GMT - /api/v1/users - POST - 200 - PostmanRuntime/7.1.5 - 14
Mon, 04 Jun 2018 13:16:24 GMT - /api/v1/users - POST - 200 - PostmanRuntime/7.1.5 - 14
Mon, 04 Jun 2018 13:20:54 GMT - /api/v1/users - POST - 200 - PostmanRuntime/7.1.5 - 14
Mon, 04 Jun 2018 13:21:33 GMT - /api/v1/users - POST - 200 - PostmanRuntime/7.1.5 - 28
Mon, 04 Jun 2018 13:21:38 GMT - /api/v1/users - POST - 200 - PostmanRuntime/7.1.5 - 14
Mon, 04 Jun 2018 13:23:04 GMT - /api/v1/users - POST - 200 - PostmanRuntime/7.1.5 - 14
Mon, 04 Jun 2018 13:27:55 GMT - /api/v1/users - POST - 200 - PostmanRuntime/7.1.5 - 14
Mon, 04 Jun 2018 13:38:02 GMT - /api/v1/users - POST - 200 - PostmanRuntime/7.1.5 - 14
Mon, 04 Jun 2018 13:39:28 GMT - /api/v1/users - POST - 200 - PostmanRuntime/7.1.5 - 14
Mon, 04 Jun 2018 13:40:44 GMT - /api/v1/users - POST - 200 - PostmanRuntime/7.1.5 - 14
Mon, 04 Jun 2018 13:44:50 GMT - /api/v1/users - POST - 200 - PostmanRuntime/7.1.5 - 14
Mon, 04 Jun 2018 13:51:32 GMT - /api/v1/users - POST - 200 - PostmanRuntime/7.1.5 - 14
Tue, 05 Jun 2018 05:03:55 GMT - /api/v1/users - POST - 200 - PostmanRuntime/7.1.5 - 14
Tue, 05 Jun 2018 05:09:27 GMT - /api/v1/users - POST - 200 - PostmanRuntime/7.1.5 - 28
Tue, 05 Jun 2018 05:09:33 GMT - /api/v1/users - POST - 200 - PostmanRuntime/7.1.5 - 14
Tue, 05 Jun 2018 05:10:21 GMT - /api/v1/users - POST - 200 - PostmanRuntime/7.1.5 - 14
Tue, 05 Jun 2018 05:11:39 GMT - /api/v1/users - POST - 200 - PostmanRuntime/7.1.5 - 14
Tue, 05 Jun 2018 05:18:12 GMT - /api/v1/users - POST - 200 - PostmanRuntime/7.1.5 - 14
Tue, 05 Jun 2018 05:21:11 GMT - /api/v1/users - POST - 200 - PostmanRuntime/7.1.5 - 14
Tue, 05 Jun 2018 05:22:30 GMT - /api/v1/users - POST - 200 - PostmanRuntime/7.1.5 - 14
Tue, 05 Jun 2018 05:24:56 GMT - /api/v1/users - POST - 200 - PostmanRuntime/7.1.5 - 14
Tue, 05 Jun 2018 05:26:03 GMT - /api/v1/users - POST - 200 - PostmanRuntime/7.1.5 - 14
Tue, 05 Jun 2018 06:07:17 GMT - /api/v1/users - POST - 200 - PostmanRuntime/7.1.5 - 14
Tue, 05 Jun 2018 06:17:01 GMT - /api/v1/users - POST - 200 - PostmanRuntime/7.1.5 - 14
Tue, 05 Jun 2018 06:47:31 GMT - /api/v1/users - POST - 200 - PostmanRuntime/7.1.5 - 14
Tue, 05 Jun 2018 06:49:30 GMT - /api/v1/users - POST - 200 - PostmanRuntime/7.1.5 - 14
Tue, 05 Jun 2018 06:52:31 GMT - /api/v1/users - POST - 200 - PostmanRuntime/7.1.5 - 14
Tue, 05 Jun 2018 06:53:19 GMT - /api/v1/users - POST - 200 - PostmanRuntime/7.1.5 - 14
Tue, 05 Jun 2018 06:53:53 GMT - /api/v1/users - POST - 200 - PostmanRuntime/7.1.5 - 28
Tue, 05 Jun 2018 06:54:00 GMT - /api/v1/users - POST - 200 - PostmanRuntime/7.1.5 - 14
Tue, 05 Jun 2018 07:02:24 GMT - /api/v1/users - POST - 200 - PostmanRuntime/7.1.5 - 14
Tue, 05 Jun 2018 07:03:17 GMT - /api/v1/users - POST - 200 - PostmanRuntime/7.1.5 - 14
Tue, 05 Jun 2018 07:21:59 GMT - /api/v1/users - POST - 200 - PostmanRuntime/7.1.5 - 14
Tue, 05 Jun 2018 07:25:22 GMT - /api/v1/users - POST - 200 - PostmanRuntime/7.1.5 - 14
Tue, 05 Jun 2018 07:26:42 GMT - /api/v1/users - POST - 200 - PostmanRuntime/7.1.5 - 14
Tue, 05 Jun 2018 12:15:07 GMT - /api/v1/users - POST - 200 - PostmanRuntime/7.1.5 - 14
Tue, 05 Jun 2018 12:15:50 GMT - /api/v1/users - POST - 200 - PostmanRuntime/7.1.5 - 28
Tue, 05 Jun 2018 12:15:56 GMT - /api/v1/users - POST - 200 - PostmanRuntime/7.1.5 - 14
Tue, 05 Jun 2018 12:17:50 GMT - /api/v1/users - POST - 200 - PostmanRuntime/7.1.5 - 14
Tue, 05 Jun 2018 12:19:27 GMT - /api/v1/users - POST - 200 - PostmanRuntime/7.1.5 - 14
Tue, 05 Jun 2018 12:23:04 GMT - /api/v1/users - POST - 200 - PostmanRuntime/7.1.5 - 14
Tue, 05 Jun 2018 12:24:04 GMT - /api/v1/users - POST - 200 - PostmanRuntime/7.1.5 - 20
Tue, 05 Jun 2018 12:24:15 GMT - /api/v1/users - POST - 200 - PostmanRuntime/7.1.5 - 14
Tue, 05 Jun 2018 12:25:50 GMT - /api/v1/users - POST - 200 - PostmanRuntime/7.1.5 - 14
Tue, 05 Jun 2018 12:27:41 GMT - /api/v1/users - POST - 200 - PostmanRuntime/7.1.5 - 14
Tue, 05 Jun 2018 12:31:17 GMT - /api/v1/users - POST - 200 - PostmanRuntime/7.1.5 - 14
Tue, 05 Jun 2018 12:36:26 GMT - /api/v1/users - POST - 200 - PostmanRuntime/7.1.5 - 14
Tue, 05 Jun 2018 12:39:19 GMT - /api/v1/users - POST - 200 - PostmanRuntime/7.1.5 - 14
Tue, 05 Jun 2018 13:27:10 GMT - /api/v1/users - POST - 200 - PostmanRuntime/7.1.5 - 14
Tue, 05 Jun 2018 13:31:15 GMT - /api/v1/users - POST - 200 - PostmanRuntime/7.1.5 - 14
Tue, 05 Jun 2018 13:31:50 GMT - /api/v1/users - GET - 200 - PostmanRuntime/7.1.5 - 461
Tue, 05 Jun 2018 13:32:02 GMT - /api/v1/users/5b163203cd26f816645b4a60 - GET - 200 - PostmanRuntime/7.1.5 - 239
Tue, 05 Jun 2018 13:32:44 GMT - /api/v1/users/5b163203cd26f816645b4a60 - PUT - 200 - PostmanRuntime/7.1.5 - 28
Tue, 05 Jun 2018 13:33:09 GMT - /api/v1/users/5b163203cd26f816645b4a60 - DELETE - 500 - PostmanRuntime/7.1.5 - 20
Tue, 05 Jun 2018 13:34:30 GMT - /login - POST - 400 - PostmanRuntime/7.1.5 - 15
Tue, 05 Jun 2018 13:35:01 GMT - /login - POST - 400 - PostmanRuntime/7.1.5 - 15
Tue, 05 Jun 2018 13:35:57 GMT - /api/v1/users - POST - 200 - PostmanRuntime/7.1.5 - 14
Tue, 05 Jun 2018 13:36:32 GMT - /login - POST - 200 - PostmanRuntime/7.1.5 - 223
Tue, 05 Jun 2018 13:37:09 GMT - /api/v1/users/5b163203cd26f816645b4a60 - DELETE - 204 - PostmanRuntime/7.1.5 - 
Tue, 05 Jun 2018 13:37:28 GMT - /api/v1/users/5b1691bdad859334205e6c80 - DELETE - 200 - PostmanRuntime/7.1.5 - 25
